rg@aluminumcan-2 [ AnP ] *{master}*> make rg-anp-rw-3-1-5 && ./rg-anp-rw-3-1-5
clang -o rg-anp-rw-3-1-5 rg-anp-rw-3-1-5.c
======================= part 1 =====================
Initial price: 100.000000
Percents: 6.760000
Price in 0 years:	100.000000	100.000000	100.000000
Price in 1 years:	99.543024	99.543024	99.543024
Price in 2 years:	99.088136	99.088136	99.088136
Price in 3 years:	98.635327	98.635327	98.635327
Price in 4 years:	98.184587	98.184587	98.184587
Price in 5 years:	97.735907	97.735907	97.735907
Price in 6 years:	97.289278	97.289278	97.289278
Price in 7 years:	96.844689	96.844689	96.844689
Price in 8 years:	96.402132	96.402132	96.402132
Price in 9 years:	95.961598	95.961598	95.961598
Price in 10 years:	95.523076	95.523076	95.523076
Price in 11 years:	95.086559	95.086559	95.086559
Price in 12 years:	94.652036	94.652036	94.652036
Price in 13 years:	94.219499	94.219499	94.219499
Price in 14 years:	93.788938	93.788938	93.788938
Price in 15 years:	93.360345	93.360345	93.360345
Price in 16 years:	92.933711	92.933711	92.933711
Price in 17 years:	92.509026	92.509026	92.509026
Price in 18 years:	92.086282	92.086282	92.086282
Price in 19 years:	91.665470	91.665470	91.665470
Price in 20 years:	91.246581	91.246581	91.246581
Price in 30 years:	87.161541	87.161541	87.161541
Price in 40 years:	83.259385	83.259385	83.259385
Price in 50 years:	79.531926	79.531926	79.531926
Price in 60 years:	75.971342	75.971342	75.971342
Price in 70 years:	72.570163	72.570163	72.570163
Price in 80 years:	69.321252	69.321252	69.321252
Price in 90 years:	66.217792	66.217792	66.217792
Price in 100 years:	63.253272	63.253272	63.253272
Price in 110 years:	60.421471	60.421471	60.421471
Price in 120 years:	57.716448	57.716448	57.716448
Price in 130 years:	55.132527	55.132527	55.132527
Price in 140 years:	52.664285	52.664285	52.664285
Price in 150 years:	50.306545	50.306545	50.306545
Price in 160 years:	48.054360	48.054360	48.054360
Price in 170 years:	45.903003	45.903003	45.903003
Price in 180 years:	43.847960	43.847960	43.847960
Price in 190 years:	41.884920	41.884920	41.884920
Price in 200 years:	40.009764	40.009764	40.009764
Price in 300 years:	25.307485	25.307485	25.307485
Price in 400 years:	16.007812	16.007812	16.007812
Price in 500 years:	10.125465	10.125465	10.125465
Price in 600 years:	6.404688	6.404688	6.404688
Price in 700 years:	4.051175	4.051175	4.051175
Price in 800 years:	2.562501	2.562501	2.562501
Price in 900 years:	1.620865	1.620865	1.620865
Price in 1000 years:	1.025250	1.025250	1.025250
Price in 1100 years:	0.648504	0.648504	0.648504
Price in 1200 years:	0.410200	0.410200	0.410200
Price in 1300 years:	0.259465	0.259465	0.259465
Price in 1400 years:	0.164120	0.164120	0.164120
Price in 1500 years:	0.103811	0.103811	0.103811
Price in 1600 years:	0.065664	0.065664	0.065664
Price in 1700 years:	0.041535	0.041535	0.041535
Price in 1800 years:	0.026272	0.026272	0.026272
Price in 1900 years:	0.016618	0.016618	0.016618
Price in 2000 years:	0.010511	0.010511	0.010511
======================= part 2 =====================
1^2 = 1
5^2 = 25
6^2 = 36
25^2 = 625
76^2 = 5776
376^2 = 141376
625^2 = 390625
======================= part 2 =====================
gcd(1, 2) = 1
gcd(2, 3) = 1
gcd(3, 5) = 1
gcd(5, 7) = 1
gcd(7, 11) = 1
gcd(11, 13) = 1
gcd(13, 17) = 1
gcd(17, 19) = 1
gcd(19, 29) = 1
gcd(1, 2) = 1
gcd(2, 4) = 2
gcd(4, 5) = 1
gcd(5, 9) = 1
gcd(9, 12) = 3
gcd(12, 14) = 2
gcd(14, 35) = 7
gcd(35, 95) = 5
